node:internal/modules/cjs/loader:1424
  throw err;
  ^

Error: Cannot find module './data-types'
Require stack:
- C:\Users\G DHANUJAYA\Desktop\vitacare_advanced_full\backend\node_modules\sequelize\lib\utils.js
- C:\Users\G DHANUJAYA\Desktop\vitacare_advanced_full\backend\node_modules\sequelize\lib\sequelize.js
- C:\Users\G DHANUJAYA\Desktop\vitacare_advanced_full\backend\node_modules\sequelize\lib\index.js
- C:\Users\G DHANUJAYA\Desktop\vitacare_advanced_full\backend\db.js
- C:\Users\G DHANUJAYA\Desktop\vitacare_advanced_full\backend\server.js
    at Module._resolveFilename (node:internal/modules/cjs/loader:1421:15)
    at defaultResolveImpl (node:internal/modules/cjs/loader:1059:19)
    at resolveForCJSWithHooks (node:internal/modules/cjs/loader:1064:22)
    at Module._load (node:internal/modules/cjs/loader:1227:37)
    at TracingChannel.traceSync (node:diagnostics_channel:328:14)
    at wrapModuleLoad (node:internal/modules/cjs/loader:245:24)
    at Module.require (node:internal/modules/cjs/loader:1504:12)
    at require (node:internal/modules/helpers:152:16)
    at Object.<anonymous> (C:\Users\G DHANUJAYA\Desktop\vitacare_advanced_full\backend\node_modules\sequelize\lib\utils.js:18:19)
    at Module._compile (node:internal/modules/cjs/loader:1761:14) {
  code: 'MODULE_NOT_FOUND',
  requireStack: [
    'C:\\Users\\G DHANUJAYA\\Desktop\\vitacare_advanced_full\\backend\\node_modules\\sequelize\\lib\\utils.js',
    'C:\\Users\\G DHANUJAYA\\Desktop\\vitacare_advanced_full\\backend\\node_modules\\sequelize\\lib\\sequelize.js',
    'C:\\Users\\G DHANUJAYA\\Desktop\\vitacare_advanced_full\\backend\\node_modules\\sequelize\\lib\\index.js',
    'C:\\Users\\G DHANUJAYA\\Desktop\\vitacare_advanced_full\\backend\\db.js',
    'C:\\Users\\G DHANUJAYA\\Desktop\\vitacare_advanced_full\\backend\\server.js'
  ]
}

Node.js v24.13.0
